<?xml version="1.0" encoding="UTF-8"?>
<!-- Generated by org.testng.reporters.JUnitReportReporter -->
<testsuite hostname="Sonalis-MacBook-Air.local" failures="0" tests="1" name="ui.PrintSearchResultsLinksTest" time="12.009" errors="0" timestamp="2025-07-10T02:07:55 IST" skipped="0">
  <testcase classname="ui.PrintSearchResultsLinksTest" name="openWebsiteAndSearchKeyword" time="12.009"/>
</testsuite> <!-- ui.PrintSearchResultsLinksTest -->
